<?xml version="1.0" encoding="UTF-8"?>
<testng-results ignored="2" total="5" passed="3" failed="0" skipped="0">
  <reporter-output>
  </reporter-output>
  <suite started-at="2025-10-26T12:07:06 IST" name="Default suite" finished-at="2025-10-26T12:07:24 IST" duration-ms="18065">
    <groups>
      <group name="sanity">
        <method signature="HomePageTestCases.verifyUserIsAbleToSearchItemsWithValidData(java.lang.reflect.Method,java.lang.String)[pri:1, instance:TestPackage.HomePageTestCases@320de594]" name="verifyUserIsAbleToSearchItemsWithValidData" class="TestPackage.HomePageTestCases"/>
      </group> <!-- sanity -->
    </groups>
    <test started-at="2025-10-26T12:07:06 IST" name="Default test" finished-at="2025-10-26T12:07:24 IST" duration-ms="18065">
      <class name="TestPackage.HomePageTestCases">
        <test-method is-config="true" signature="setUpExtentReport()[pri:0, instance:TestPackage.HomePageTestCases@320de594]" started-at="2025-10-26T12:07:05 IST" name="setUpExtentReport" finished-at="2025-10-26T12:07:06 IST" duration-ms="954" status="PASS">
          <reporter-output>
          </reporter-output>
        </test-method> <!-- setUpExtentReport -->
        <test-method is-config="true" signature="createTestForExtentReport(java.lang.reflect.Method)[pri:0, instance:TestPackage.HomePageTestCases@320de594]" started-at="2025-10-26T12:07:09 IST" name="createTestForExtentReport" finished-at="2025-10-26T12:07:10 IST" duration-ms="1740" status="PASS">
          <params>
            <param index="0">
              <value>
                <![CDATA[public void TestPackage.HomePageTestCases.verifyUserIsAbleToSearchItemsWithValidData(java.lang.reflect.Method,java.lang.String) throws java.io.IOException]]>
              </value>
            </param>
          </params>
          <reporter-output>
          </reporter-output>
        </test-method> <!-- createTestForExtentReport -->
        <test-method signature="verifyUserIsAbleToSearchItemsWithValidData(java.lang.reflect.Method,java.lang.String)[pri:1, instance:TestPackage.HomePageTestCases@320de594]" started-at="2025-10-26T12:07:10 IST" name="verifyUserIsAbleToSearchItemsWithValidData" data-provider="excelData" finished-at="2025-10-26T12:07:11 IST" duration-ms="919" status="PASS">
          <params>
            <param index="0">
              <value>
                <![CDATA[public void TestPackage.HomePageTestCases.verifyUserIsAbleToSearchItemsWithValidData(java.lang.reflect.Method,java.lang.String) throws java.io.IOException]]>
              </value>
            </param>
            <param index="1">
              <value>
                <![CDATA[iPhone]]>
              </value>
            </param>
          </params>
          <reporter-output>
          </reporter-output>
        </test-method> <!-- verifyUserIsAbleToSearchItemsWithValidData -->
        <test-method is-config="true" signature="logResult(org.testng.ITestResult)[pri:0, instance:TestPackage.HomePageTestCases@320de594]" started-at="2025-10-26T12:07:11 IST" name="logResult" finished-at="2025-10-26T12:07:11 IST" duration-ms="19" status="PASS">
          <params>
            <param index="0">
              <value>
                <![CDATA[[TestResult name=verifyUserIsAbleToSearchItemsWithValidData status=SUCCESS method=HomePageTestCases.verifyUserIsAbleToSearchItemsWithValidData(java.lang.reflect.Method,java.lang.String)[pri:1, instance:TestPackage.HomePageTestCases@320de594] output={null}]]]>
              </value>
            </param>
          </params>
          <reporter-output>
          </reporter-output>
        </test-method> <!-- logResult -->
        <test-method is-config="true" signature="createTestForExtentReport(java.lang.reflect.Method)[pri:0, instance:TestPackage.HomePageTestCases@320de594]" started-at="2025-10-26T12:07:11 IST" name="createTestForExtentReport" finished-at="2025-10-26T12:07:12 IST" duration-ms="328" status="PASS">
          <params>
            <param index="0">
              <value>
                <![CDATA[public void TestPackage.HomePageTestCases.verifyUserIsAbleToSearchItemsWithValidData(java.lang.reflect.Method,java.lang.String) throws java.io.IOException]]>
              </value>
            </param>
          </params>
          <reporter-output>
          </reporter-output>
        </test-method> <!-- createTestForExtentReport -->
        <test-method signature="verifyUserIsAbleToSearchItemsWithValidData(java.lang.reflect.Method,java.lang.String)[pri:1, instance:TestPackage.HomePageTestCases@320de594]" started-at="2025-10-26T12:07:12 IST" name="verifyUserIsAbleToSearchItemsWithValidData" data-provider="excelData" finished-at="2025-10-26T12:07:18 IST" duration-ms="5917" status="PASS">
          <params>
            <param index="0">
              <value>
                <![CDATA[public void TestPackage.HomePageTestCases.verifyUserIsAbleToSearchItemsWithValidData(java.lang.reflect.Method,java.lang.String) throws java.io.IOException]]>
              </value>
            </param>
            <param index="1">
              <value>
                <![CDATA[iPod Nano]]>
              </value>
            </param>
          </params>
          <reporter-output>
          </reporter-output>
        </test-method> <!-- verifyUserIsAbleToSearchItemsWithValidData -->
        <test-method is-config="true" signature="logResult(org.testng.ITestResult)[pri:0, instance:TestPackage.HomePageTestCases@320de594]" started-at="2025-10-26T12:07:18 IST" name="logResult" finished-at="2025-10-26T12:07:18 IST" duration-ms="1" status="PASS">
          <params>
            <param index="0">
              <value>
                <![CDATA[[TestResult name=verifyUserIsAbleToSearchItemsWithValidData status=SUCCESS method=HomePageTestCases.verifyUserIsAbleToSearchItemsWithValidData(java.lang.reflect.Method,java.lang.String)[pri:1, instance:TestPackage.HomePageTestCases@320de594] output={null}]]]>
              </value>
            </param>
          </params>
          <reporter-output>
          </reporter-output>
        </test-method> <!-- logResult -->
        <test-method is-config="true" signature="createTestForExtentReport(java.lang.reflect.Method)[pri:0, instance:TestPackage.HomePageTestCases@320de594]" started-at="2025-10-26T12:07:18 IST" name="createTestForExtentReport" finished-at="2025-10-26T12:07:18 IST" duration-ms="430" status="PASS">
          <params>
            <param index="0">
              <value>
                <![CDATA[public void TestPackage.HomePageTestCases.verifyUserIsAbleToSearchItemsWithValidData(java.lang.reflect.Method,java.lang.String) throws java.io.IOException]]>
              </value>
            </param>
          </params>
          <reporter-output>
          </reporter-output>
        </test-method> <!-- createTestForExtentReport -->
        <test-method signature="verifyUserIsAbleToSearchItemsWithValidData(java.lang.reflect.Method,java.lang.String)[pri:1, instance:TestPackage.HomePageTestCases@320de594]" started-at="2025-10-26T12:07:18 IST" name="verifyUserIsAbleToSearchItemsWithValidData" data-provider="excelData" finished-at="2025-10-26T12:07:24 IST" duration-ms="5990" status="PASS">
          <params>
            <param index="0">
              <value>
                <![CDATA[public void TestPackage.HomePageTestCases.verifyUserIsAbleToSearchItemsWithValidData(java.lang.reflect.Method,java.lang.String) throws java.io.IOException]]>
              </value>
            </param>
            <param index="1">
              <value>
                <![CDATA[iPod Touch]]>
              </value>
            </param>
          </params>
          <reporter-output>
          </reporter-output>
        </test-method> <!-- verifyUserIsAbleToSearchItemsWithValidData -->
        <test-method is-config="true" signature="logResult(org.testng.ITestResult)[pri:0, instance:TestPackage.HomePageTestCases@320de594]" started-at="2025-10-26T12:07:24 IST" name="logResult" finished-at="2025-10-26T12:07:24 IST" duration-ms="0" status="PASS">
          <params>
            <param index="0">
              <value>
                <![CDATA[[TestResult name=verifyUserIsAbleToSearchItemsWithValidData status=SUCCESS method=HomePageTestCases.verifyUserIsAbleToSearchItemsWithValidData(java.lang.reflect.Method,java.lang.String)[pri:1, instance:TestPackage.HomePageTestCases@320de594] output={null}]]]>
              </value>
            </param>
          </params>
          <reporter-output>
          </reporter-output>
        </test-method> <!-- logResult -->
        <test-method is-config="true" signature="CloseTheBrowser()[pri:0, instance:TestPackage.HomePageTestCases@320de594]" started-at="2025-10-26T12:07:24 IST" name="CloseTheBrowser" finished-at="2025-10-26T12:07:24 IST" duration-ms="269" status="PASS">
          <reporter-output>
          </reporter-output>
        </test-method> <!-- CloseTheBrowser -->
      </class> <!-- TestPackage.HomePageTestCases -->
    </test> <!-- Default test -->
  </suite> <!-- Default suite -->
</testng-results>
