<?xml version="1.0" encoding="UTF-8"?>
<!-- Generated by org.testng.reporters.JUnitReportReporter -->
<testsuite hostname="DESKTOP-BUAMJ51" failures="0" tests="3" name="TestPackage.HomePageTestCases" time="15.344" errors="0" timestamp="2025-10-26T12:07:24 IST" skipped="0">
  <testcase classname="TestPackage.HomePageTestCases" name="verifyUserIsAbleToSearchItemsWithValidData" time="6.319"/>
  <testcase classname="TestPackage.HomePageTestCases" name="verifyUserIsAbleToSearchItemsWithValidData" time="6.347"/>
  <testcase classname="TestPackage.HomePageTestCases" name="verifyUserIsAbleToSearchItemsWithValidData" time="2.678"/>
</testsuite> <!-- TestPackage.HomePageTestCases -->
